数据处理完成!
文件1: J90A-EU项目协议_V1.8_20241028(基于20241021平台协议)-SRS.xlsx
文件2: J90A-G项目协议_V2.4_20250509(基于20250422平台协议)-SRS.xlsx
处理结果:
处理索引: 0_CoverPage  ->  0_CoverPage, 索引: []
处理索引: 1_ChangeRecord  ->  1_ChangeRecord, 索引: []
处理索引: 2_Terms  ->  2_Terms, 索引: [1, 4, 3]
处理索引: 3_OverView  ->  3_OverView, 索引: []
处理映射: 4_Matrix -> 4_Matrix, 列: ['SignalName', 'signal \nStartBit\n(bit)', 'ID']

Sheet Name: 0_CoverPage -> 0_CoverPage
===============文件1相比文件2===============
参与对比行数:47
一致行数:47
变更行数:0
===============文件2相比文件1===============
参与对比行数:47
一致行数:47
变更行数:0

Sheet Name: 1_ChangeRecord -> 1_ChangeRecord
===============文件1相比文件2===============
参与对比行数:1177
一致行数:1173
变更行数:4
===============文件2相比文件1===============
参与对比行数:1212
一致行数:1173
变更行数:39

Sheet Name: 2_Terms -> 2_Terms
===============文件1相比文件2===============
参与对比行数:30
一致行数:30
变更行数:0
新增行数:0
删除行数:0
===============文件2相比文件1===============
参与对比行数:30
一致行数:30
变更行数:0
新增行数:0
删除行数:0
Sheet Name: 3_OverView -> 3_OverView
===============文件1相比文件2===============
参与对比行数:42
一致行数:41
变更行数:1
===============文件2相比文件1===============
参与对比行数:42
一致行数:41
变更行数:1

Sheet Name: 4_Matrix -> 4_Matrix
===============文件1相比文件2===============
参与对比行数:137
一致行数:134
变更行数:1
新增行数:2
新增列数:0
删除行数:2
===============文件2相比文件1===============
参与对比行数:137
一致行数:134
变更行数:1
新增行数:2
新增列数:0
删除行数:2
